<?xml version="1.0" encoding="UTF-8"?>
<testng-results skipped="0" failed="0" ignored="0" total="1" passed="1">
  <reporter-output>
  </reporter-output>
  <suite name="Suite" duration-ms="3425982" started-at="2020-03-20T18:55:22Z" finished-at="2020-03-20T19:52:28Z">
    <groups>
    </groups>
    <test name="Test" duration-ms="3425982" started-at="2020-03-20T18:55:22Z" finished-at="2020-03-20T19:52:28Z">
      <class name="RolexTestCase.Rolex">
        <test-method status="PASS" signature="driverInitialize()[pri:0, instance:RolexTestCase.Rolex@1189dd52]" name="driverInitialize" is-config="true" duration-ms="14298" started-at="2020-03-20T18:55:22Z" finished-at="2020-03-20T18:55:37Z">
          <reporter-output>
          </reporter-output>
        </test-method> <!-- driverInitialize -->
        <test-method status="PASS" signature="WatchViewed()[pri:0, instance:RolexTestCase.Rolex@1189dd52]" name="WatchViewed" duration-ms="3407387" started-at="2020-03-20T18:55:37Z" finished-at="2020-03-20T19:52:24Z">
          <reporter-output>
          </reporter-output>
        </test-method> <!-- WatchViewed -->
        <test-method status="PASS" signature="BrowserClose()[pri:0, instance:RolexTestCase.Rolex@1189dd52]" name="BrowserClose" is-config="true" duration-ms="4263" started-at="2020-03-20T19:52:24Z" finished-at="2020-03-20T19:52:28Z">
          <reporter-output>
          </reporter-output>
        </test-method> <!-- BrowserClose -->
      </class> <!-- RolexTestCase.Rolex -->
    </test> <!-- Test -->
  </suite> <!-- Suite -->
</testng-results>
